<?xml version="1.0" encoding="UTF-8"?>
<!-- Generated by org.testng.reporters.JUnitXMLReporter -->
<testsuite ignored="1" hostname="LAPTOP-97E8D09R" failures="0" tests="2" name="Test1" time="0.07" errors="0" timestamp="2021-07-12T23:06:12 IST">
  <testcase classname="demo.TestNGGroupDemo" name="test1" time="0.009"/>
  <testcase classname="demo.TestNGGroupDemo" name="test2" time="0.005"/>
  <testcase classname="demo.TestNGGroupDemo" name="test3" time="0.0">
    <ignored/>
  </testcase> <!-- test3 -->
</testsuite> <!-- Test1 -->
