<?xml version="1.0" encoding="UTF-8"?>
<!-- Generated by org.testng.reporters.JUnitXMLReporter -->
<testsuite ignored="0" hostname="LAPTOP-97E8D09R" failures="0" tests="3" name="Default test" time="5.979" errors="0" timestamp="2021-07-17T22:28:48 IST">
  <testcase classname="listeners.TestNGlistenersDemo" name="test1" time="0.01"/>
  <testcase classname="listeners.TestNGlistenersDemo" name="test2" time="5.906"/>
  <testcase classname="listeners.TestNGlistenersDemo" name="test3" time="0.001">
    <skipped/>
  </testcase> <!-- test3 -->
</testsuite> <!-- Default test -->
